Using pre-set license
Built from '2020.3/staging' branch; Version is '2020.3.10f1 (297d780c91bc) revision 2719096'; Using compiler version '192528614'; Build Type 'Release'
OS: 'Windows 10 Pro; OS build 19043.1052; Version 2009; 64bit' Language: 'el' Physical Memory: 16307 MB
BatchMode: 1, IsHumanControllingUs: 0, StartBugReporterOnCrash: 0, Is64bit: 1, IsPro: 0

 COMMAND LINE ARGUMENTS:
C:\Program Files\Unity\Hub\Editor\2020.3.10f1\Editor\Unity.exe
-adb2
-batchMode
-noUpm
-name
AssetImportWorker0
-projectPath
C:/Users/Tasos/Desktop/Μεταπτυχιακό/Παιχνίδια Σοβαρού Σκοπού/Εργασία 3/Finals_ergasia 3/drag ball maths -back up - Αντιγραφή
-logFile
Logs/AssetImportWorker0.log
-srvPort
56551
Successfully changed project path to: C:/Users/Tasos/Desktop/Μεταπτυχιακό/Παιχνίδια Σοβαρού Σκοπού/Εργασία 3/Finals_ergasia 3/drag ball maths -back up - Αντιγραφή
C:/Users/Tasos/Desktop/Μεταπτυχιακό/Παιχνίδια Σοβαρού Σκοπού/Εργασία 3/Finals_ergasia 3/drag ball maths -back up - Αντιγραφή
Using Asset Import Pipeline V2.
Refreshing native plugins compatible for Editor in 36.70 ms, found 3 plugins.
Preloading 0 native plugins for Editor in 0.00 ms.
Initialize engine version: 2020.3.10f1 (297d780c91bc)
[Subsystems] Discovering subsystems at path C:/Program Files/Unity/Hub/Editor/2020.3.10f1/Editor/Data/Resources/UnitySubsystems
[Subsystems] Discovering subsystems at path C:/Users/Tasos/Desktop/Μεταπτυχιακό/Παιχνίδια Σοβαρού Σκοπού/Εργασία 3/Finals_ergasia 3/drag ball maths -back up - Αντιγραφή/Assets
GfxDevice: creating device client; threaded=0
Direct3D:
    Version:  Direct3D 11.0 [level 11.1]
    Renderer: AMD Radeon R9 200 Series (ID=0x6810)
    Vendor:   
    VRAM:     2027 MB
    Driver:   27.20.21003.8013
Initialize mono
Mono path[0] = 'C:/Program Files/Unity/Hub/Editor/2020.3.10f1/Editor/Data/Managed'
Mono path[1] = 'C:/Program Files/Unity/Hub/Editor/2020.3.10f1/Editor/Data/MonoBleedingEdge/lib/mono/unityjit'
Mono config path = 'C:/Program Files/Unity/Hub/Editor/2020.3.10f1/Editor/Data/MonoBleedingEdge/etc'
Using monoOptions --debugger-agent=transport=dt_socket,embedding=1,server=y,suspend=n,address=127.0.0.1:56288
Begin MonoManager ReloadAssembly
Registering precompiled unity dll's ...
Register platform support module: C:/Program Files/Unity/Hub/Editor/2020.3.10f1/Editor/Data/PlaybackEngines/WindowsStandaloneSupport/UnityEditor.WindowsStandalone.Extensions.dll
Registered in 0.001548 seconds.
Native extension for WindowsStandalone target not found
Refreshing native plugins compatible for Editor in 36.17 ms, found 3 plugins.
Preloading 0 native plugins for Editor in 0.00 ms.
Mono: successfully reloaded assembly
- Completed reload, in  1.477 seconds
Platform modules already initialized, skipping
Registering precompiled user dll's ...
Registered in 0.003474 seconds.
Begin MonoManager ReloadAssembly
Native extension for WindowsStandalone target not found
Refreshing native plugins compatible for Editor in 35.49 ms, found 3 plugins.
Preloading 0 native plugins for Editor in 0.00 ms.
Mono: successfully reloaded assembly
- Completed reload, in  0.886 seconds
Platform modules already initialized, skipping
========================================================================
Worker process is ready to serve import requests
Launched and connected shader compiler UnityShaderCompiler.exe after 0.04 seconds
Refreshing native plugins compatible for Editor in 0.44 ms, found 3 plugins.
Preloading 0 native plugins for Editor in 0.00 ms.
Unloading 2137 Unused Serialized files (Serialized files now loaded: 0)
System memory in use before: 97.7 MB.
System memory in use after: 97.6 MB.

Unloading 32 unused Assets to reduce memory usage. Loaded Objects now: 2576.
Total: 1.934500 ms (FindLiveObjects: 0.169500 ms CreateObjectMapping: 0.049600 ms MarkObjects: 1.603800 ms  DeleteObjects: 0.110700 ms)

========================================================================
Received Import Request.
  path: Assets/Scenes/OneB.jpg
  artifactKey: Guid(4491d214e9ce6a74eab099035e4e25cf) Importer(815301076,1909f56bfc062723c751e8b465ee728b)
Start importing Assets/Scenes/OneB.jpg using Guid(4491d214e9ce6a74eab099035e4e25cf) Importer(815301076,1909f56bfc062723c751e8b465ee728b)  -> (artifact id: 'a1e8638a6ffa91ad3d04ed5bd8d0d0c0') in 0.111892 seconds
  Import took 0.115105 seconds .

========================================================================
Received Import Request.
  Time since last request: 6.955597 seconds.
  path: Assets/Scenes/SampleScene.unity
  artifactKey: Guid(2cda990e2423bbf4892e6590ba056729) Importer(815301076,1909f56bfc062723c751e8b465ee728b)
Start importing Assets/Scenes/SampleScene.unity using Guid(2cda990e2423bbf4892e6590ba056729) Importer(815301076,1909f56bfc062723c751e8b465ee728b)  -> (artifact id: 'e598478dcb73c952f53774bba36ea0bc') in 0.007362 seconds
  Import took 0.010728 seconds .

========================================================================
Received Prepare
Refreshing native plugins compatible for Editor in 3.38 ms, found 3 plugins.
Preloading 0 native plugins for Editor in 0.00 ms.
Unloading 19 Unused Serialized files (Serialized files now loaded: 0)
System memory in use before: 56.8 MB.
System memory in use after: 56.8 MB.

Unloading 19 unused Assets to reduce memory usage. Loaded Objects now: 2582.
Total: 2.360400 ms (FindLiveObjects: 0.201100 ms CreateObjectMapping: 0.044100 ms MarkObjects: 2.021600 ms  DeleteObjects: 0.092700 ms)

AssetImportWorkerClient::OnTransportError - code=2 error=End of file
